{"level":"info","time":"2025-08-09T19:22:47Z","message":"System has 7GB RAM, setting iceberg writer batch size to 104857600 bytes"}
{"level":"info","time":"2025-08-09T19:22:47Z","message":"Running sync with state: null"}
{"level":"info","message":"Standard Replication is selected","time":"2025-08-09T19:22:47Z"}
{"level":"info","time":"2025-08-09T19:22:47Z","message":"Starting discover for Postgres database source"}
{"level":"info","time":"2025-08-09T19:22:47Z","message":"Valid selected streams are public.orders"}
{"level":"info","time":"2025-08-09T19:22:48Z","message":"Iceberg JAR file found in base directory: /home/olake-iceberg-java-writer.jar"}
{"level":"info","time":"2025-08-09T19:22:48Z","message":"thread id 1: Connected to new iceberg writer on port 50051 for stream check_01K284J7TBA6MSHAZV0DDXKXYX, configHash check_01K284J7TBA6MSHAZV0DDXKXYX-check-false"}
{"level":"info","message":"[Java-Iceberg:50051] 19:22:48.852 [main] INFO  io.debezium.server.iceberg.OlakeRpcServer - Logs will be output to console only","time":"2025-08-09T19:22:48Z"}
{"level":"debug","time":"2025-08-09T19:22:48Z","message":"Failed to fetch location for IP 223.236.186.100: Get \"https://ipinfo.io/223.236.186.100/json\": context deadline exceeded (Client.Timeout exceeded while awaiting headers)"}
{"level":"info","message":"[Java-Iceberg:50051] 19:22:49.239 [main] INFO  org.apache.iceberg.CatalogUtil - Loading custom FileIO implementation: org.apache.iceberg.io.ResolvingFileIO","time":"2025-08-09T19:22:49Z"}
{"level":"info","message":"[Java-Iceberg:50051] 19:22:49.274 [main] INFO  io.debezium.serde.json.JsonSerdeConfig - JsonSerdeConfig values: ","time":"2025-08-09T19:22:49Z"}
{"level":"info","message":"[Java-Iceberg:50051] \tfrom.field = null","time":"2025-08-09T19:22:49Z"}
{"level":"info","message":"[Java-Iceberg:50051] \tunknown.properties.ignored = false","time":"2025-08-09T19:22:49Z"}
{"level":"info","message":"[Java-Iceberg:50051] ","time":"2025-08-09T19:22:49Z"}
{"level":"info","message":"[Java-Iceberg:50051] 19:22:49.275 [main] INFO  io.debezium.serde.json.JsonSerdeConfig - JsonSerdeConfig values: ","time":"2025-08-09T19:22:49Z"}
{"level":"info","message":"[Java-Iceberg:50051] \tfrom.field = null","time":"2025-08-09T19:22:49Z"}
{"level":"info","message":"[Java-Iceberg:50051] \tunknown.properties.ignored = false","time":"2025-08-09T19:22:49Z"}
{"level":"info","message":"[Java-Iceberg:50051] ","time":"2025-08-09T19:22:49Z"}
{"level":"info","message":"[Java-Iceberg:50051] 19:22:49.526 [main] INFO  io.debezium.server.iceberg.OlakeRpcServer - Server started on port 50051 with max message size: 1024MB","time":"2025-08-09T19:22:49Z"}
{"level":"info","message":"[Java-Iceberg:50051] 19:22:50.810 [grpc-default-executor-0] INFO  io.debezium.server.iceberg.rpc.OlakeRowsIngester - [Thread-23-10189311778725] Parsing messages took: 12 ms","time":"2025-08-09T19:22:50Z"}
{"level":"info","message":"[Java-Iceberg:50051] 19:22:50.838 [grpc-default-executor-0] WARN  io.debezium.server.iceberg.IcebergUtil - Creating table:'olake_iceberg.olake_test_table'","time":"2025-08-09T19:22:50Z"}
{"level":"info","message":"[Java-Iceberg:50051] schema:table {","time":"2025-08-09T19:22:50Z"}
{"level":"info","message":"[Java-Iceberg:50051]   1: _olake_id: required string (id)","time":"2025-08-09T19:22:50Z"}
{"level":"info","message":"[Java-Iceberg:50051]   2: _op_type: optional string","time":"2025-08-09T19:22:50Z"}
{"level":"info","message":"[Java-Iceberg:50051]   3: _db: optional string","time":"2025-08-09T19:22:50Z"}
{"level":"info","message":"[Java-Iceberg:50051]   4: _olake_timestamp: optional timestamptz","time":"2025-08-09T19:22:50Z"}
{"level":"info","message":"[Java-Iceberg:50051] }","time":"2025-08-09T19:22:50Z"}
{"level":"info","message":"[Java-Iceberg:50051] rowIdentifier:[_olake_id]","time":"2025-08-09T19:22:50Z"}
{"level":"error","time":"2025-08-09T19:22:52Z","message":"[Java-Iceberg:50051] 19:22:52.261 [grpc-default-executor-0] ERROR io.debezium.server.iceberg.rpc.OlakeRowsIngester - Failed to create table from debezium event schema: olake_iceberg.olake_test_table Error: Server error: SdkClientException: Received an UnknownHostException when attempting to interact with a service. See cause for the exact endpoint that is failing to resolve. If this is happening on an endpoint that previously worked, there may be a network connectivity issue or your DNS cache could be storing endpoints for too long."}
{"level":"error","time":"2025-08-09T19:22:52Z","message":"[Java-Iceberg:50051] org.apache.iceberg.exceptions.ServiceFailureException: Server error: SdkClientException: Received an UnknownHostException when attempting to interact with a service. See cause for the exact endpoint that is failing to resolve. If this is happening on an endpoint that previously worked, there may be a network connectivity issue or your DNS cache could be storing endpoints for too long."}
{"level":"error","time":"2025-08-09T19:22:52Z","message":"[Java-Iceberg:50051] \tat org.apache.iceberg.rest.ErrorHandlers$DefaultErrorHandler.accept(ErrorHandlers.java:217) ~[olake-iceberg-java-writer.jar:?]"}
{"level":"error","time":"2025-08-09T19:22:52Z","message":"[Java-Iceberg:50051] \tat org.apache.iceberg.rest.ErrorHandlers$TableErrorHandler.accept(ErrorHandlers.java:118) ~[olake-iceberg-java-writer.jar:?]"}
{"level":"error","time":"2025-08-09T19:22:52Z","message":"[Java-Iceberg:50051] \tat org.apache.iceberg.rest.ErrorHandlers$TableErrorHandler.accept(ErrorHandlers.java:102) ~[olake-iceberg-java-writer.jar:?]"}
{"level":"error","time":"2025-08-09T19:22:52Z","message":"[Java-Iceberg:50051] \tat org.apache.iceberg.rest.HTTPClient.throwFailure(HTTPClient.java:211) ~[olake-iceberg-java-writer.jar:?]"}
{"level":"error","time":"2025-08-09T19:22:52Z","message":"[Java-Iceberg:50051] \tat org.apache.iceberg.rest.HTTPClient.execute(HTTPClient.java:323) ~[olake-iceberg-java-writer.jar:?]"}
{"level":"error","time":"2025-08-09T19:22:52Z","message":"[Java-Iceberg:50051] \tat org.apache.iceberg.rest.HTTPClient.execute(HTTPClient.java:262) ~[olake-iceberg-java-writer.jar:?]"}
{"level":"error","time":"2025-08-09T19:22:52Z","message":"[Java-Iceberg:50051] \tat org.apache.iceberg.rest.HTTPClient.post(HTTPClient.java:368) ~[olake-iceberg-java-writer.jar:?]"}
{"level":"error","time":"2025-08-09T19:22:52Z","message":"[Java-Iceberg:50051] \tat org.apache.iceberg.rest.RESTClient.post(RESTClient.java:112) ~[olake-iceberg-java-writer.jar:?]"}
{"level":"error","time":"2025-08-09T19:22:52Z","message":"[Java-Iceberg:50051] \tat org.apache.iceberg.rest.RESTSessionCatalog$Builder.create(RESTSessionCatalog.java:804) ~[olake-iceberg-java-writer.jar:?]"}
{"level":"error","time":"2025-08-09T19:22:52Z","message":"[Java-Iceberg:50051] \tat io.debezium.server.iceberg.IcebergUtil.createIcebergTable(IcebergUtil.java:145) ~[olake-iceberg-java-writer.jar:?]"}
{"level":"error","time":"2025-08-09T19:22:52Z","message":"[Java-Iceberg:50051] \tat io.debezium.server.iceberg.rpc.OlakeRowsIngester.lambda$loadIcebergTable$1(OlakeRowsIngester.java:142) ~[olake-iceberg-java-writer.jar:?]"}
{"level":"error","time":"2025-08-09T19:22:52Z","message":"[Java-Iceberg:50051] \tat java.base/java.util.Optional.orElseGet(Optional.java:364) [?:?]"}
{"level":"error","time":"2025-08-09T19:22:52Z","message":"[Java-Iceberg:50051] \tat io.debezium.server.iceberg.rpc.OlakeRowsIngester.loadIcebergTable(OlakeRowsIngester.java:140) [olake-iceberg-java-writer.jar:?]"}
{"level":"error","time":"2025-08-09T19:22:52Z","message":"[Java-Iceberg:50051] \tat io.debezium.server.iceberg.rpc.OlakeRowsIngester.sendRecords(OlakeRowsIngester.java:113) [olake-iceberg-java-writer.jar:?]"}
{"level":"error","time":"2025-08-09T19:22:52Z","message":"[Java-Iceberg:50051] \tat io.debezium.server.iceberg.rpc.RecordIngestServiceGrpc$MethodHandlers.invoke(RecordIngestServiceGrpc.java:232) [olake-iceberg-java-writer.jar:?]"}
{"level":"error","time":"2025-08-09T19:22:52Z","message":"[Java-Iceberg:50051] \tat io.grpc.stub.ServerCalls$UnaryServerCallHandler$UnaryServerCallListener.onHalfClose(ServerCalls.java:182) [olake-iceberg-java-writer.jar:?]"}
{"level":"error","time":"2025-08-09T19:22:52Z","message":"[Java-Iceberg:50051] \tat io.grpc.internal.ServerCallImpl$ServerStreamListenerImpl.halfClosed(ServerCallImpl.java:356) [olake-iceberg-java-writer.jar:?]"}
{"level":"info","time":"2025-08-09T19:22:52Z","message":"thread id 1: shutting down Iceberg server on port 50051"}
{"level":"error","time":"2025-08-09T19:22:52Z","message":"[Java-Iceberg:50051] \tat io.grpc.internal.ServerImpl$JumpToApplicationThreadServerStreamListener$1HalfClosed.runInContext(ServerImpl.java:861) [olake-iceberg-java-writer.jar:?]"}
{"level":"error","time":"2025-08-09T19:22:52Z","message":"[Java-Iceberg:50051] \tat io.grpc.internal.ContextRunnable.run(ContextRunnable.java:37) [olake-iceberg-java-writer.jar:?]"}
{"level":"error","time":"2025-08-09T19:22:52Z","message":"[Java-Iceberg:50051] \tat io.grpc.internal.SerializingExecutor.run(SerializingExecutor.java:133) [olake-iceberg-java-writer.jar:?]"}
{"level":"error","time":"2025-08-09T19:22:52Z","message":"[Java-Iceberg:50051] \tat java.base/java.util.concurrent.ThreadPoolExecutor.runWorker(ThreadPoolExecutor.java:1136) [?:?]"}
{"level":"error","time":"2025-08-09T19:22:52Z","message":"[Java-Iceberg:50051] \tat java.base/java.util.concurrent.ThreadPoolExecutor$Worker.run(ThreadPoolExecutor.java:635) [?:?]"}
{"level":"error","time":"2025-08-09T19:22:52Z","message":"[Java-Iceberg:50051] \tat java.base/java.lang.Thread.run(Thread.java:840) [?:?]"}
{"level":"error","time":"2025-08-09T19:22:52Z","message":"[Java-Iceberg:50051] 19:22:52.265 [grpc-default-executor-0] ERROR io.debezium.server.iceberg.rpc.OlakeRowsIngester - [Thread-23-10189311778725] Failed to process table events for table: olake_test_table"}
{"level":"fatal","time":"2025-08-09T19:22:52Z","message":"failed to test destination: error sending record to Iceberg RPC Server: rpc error: code = Internal desc = [Thread-23-10189311778725] Failed to process request: Failed to create table from debezium event schema: olake_iceberg.olake_test_table Error: Server error: SdkClientException: Received an UnknownHostException when attempting to interact with a service. See cause for the exact endpoint that is failing to resolve. If this is happening on an endpoint that previously worked, there may be a network connectivity issue or your DNS cache could be storing endpoints for too long."}
